Total number of variants characterized by unique pairs: 197
Total sum of unique pairs: 5654885
variant Number of unique pairs
>clpA_56 873
>clpA_57 21185
>clpA_54 6839
>clpA_55 8355
>clpA_52 8355
>clpA_53 210
>clpA_50 494
>clpA_158 23223
>clpA_156 15623
>clpA_58 7825
>clpA_59 8355
>clpA_157 24960
>clpA_150 16654
>clpA_151 108755
>clpA_152 131592
>clpA_166 16121
>clpA_153 6560
>clpA_110 101169
>clpA_111 8355
>clpA_112 1285
>clpA_113 4969
>clpA_115 9999
>clpA_121 12733
>clpA_120 1175
>clpA_123 61335
>clpA_122 11213
>clpA_125 6074
>clpA_116 858
>clpA_127 76939
>clpA_126 18245
>clpA_129 4848
>clpA_128 225
>clpA_117 3369
>clpA_140 1497
>clpA_143 26269
>clpA_142 16261
>clpA_141 19623
>clpA_132 12705
>clpA_133 7917
>clpA_130 8626
>clpA_131 6131
>clpA_136 8578
>clpA_137 3828
>clpA_134 1892
>clpA_135 5788
>clpA_147 12136
>clpA_138 150
>clpA_146 600
>clpA_145 5728
>clpA_217 151704
>clpA_144 13815
>clpA_49 8355
>clpA_48 225
>clpA_41 15540
>clpA_40 210
>clpA_45 4360
>clpA_44 7244
>clpA_47 8355
>clpA_148 3770
>clpA_107 450
>clpA_106 10548
>clpA_105 2421
>clpA_104 541
>clpA_103 8248
>clpA_102 13113
>clpA_100 86973
>clpA_108 2857
>clpA_189 124893
>clpA_188 15888
>clpA_187 9761
>clpA_186 31210
>clpA_185 26937
>clpA_184 145564
>clpA_183 4395
>clpA_182 53138
>clpA_181 14931
>clpA_180 136115
>clpA_38 2865
>clpA_39 8232
>clpA_34 8355
>clpA_37 195
>clpA_30 2122
>clpA_31 6505
>clpA_32 34597
>clpA_33 8067
>clpA_118 450
>clpA_119 8355
>clpA_98 8355
>clpA_92 26982
>clpA_93 25415
>clpA_90 135
>clpA_91 11489
>clpA_96 24997
>clpA_97 8355
>clpA_94 124051
>clpA_95 9399
>clpA_218 159330
>clpA_195 858
>clpA_213 32618
>clpA_212 144831
>clpA_211 145557
>clpA_210 51065
>clpA_159 5249
>clpA_216 154290
>clpA_215 153692
>clpA_214 147566
>clpA_190 23769
>clpA_191 1171
>clpA_192 210
>clpA_193 38314
>clpA_194 8433
>clpA_178 107562
>clpA_196 22083
>clpA_197 24669
>clpA_198 2475
>clpA_199 25678
>clpA_179 112767
>clpA_149 51851
>clpA_176 99150
>clpA_29 9208
>clpA_27 13110
>clpA_26 507
>clpA_25 75
>clpA_24 8375
>clpA_23 546
>clpA_21 33
>clpA_89 33286
>clpA_88 18356
>clpA_85 9696
>clpA_84 33654
>clpA_87 21805
>clpA_86 1119
>clpA_81 14380
>clpA_80 26717
>clpA_83 1535
>clpA_82 10305
>clpA_208 67831
>clpA_209 53766
>clpA_204 140052
>clpA_205 16188
>clpA_206 123086
>clpA_207 46151
>clpA_200 93484
>clpA_201 148183
>clpA_202 16215
>clpA_203 8220
>clpA_12 807
>clpA_13 210
>clpA_10 8355
>clpA_16 8355
>clpA_17 731
>clpA_15 7468
>clpA_18 5142
>clpA_19 8103
>clpA_70 9412
>clpA_71 63256
>clpA_72 282
>clpA_73 24557
>clpA_74 25463
>clpA_75 24960
>clpA_76 8580
>clpA_77 35194
>clpA_78 11680
>clpA_79 12742
>clpA_174 83580
>clpA_175 40239
>clpA_172 411
>clpA_173 5634
>clpA_170 144155
>clpA_171 432
>clpA_154 35414
>clpA_169 19640
>clpA_168 26092
>clpA_165 17849
>clpA_155 4669
>clpA_164 450
>clpA_177 116244
>clpA_167 15687
>clpA_63 15552
>clpA_62 984
>clpA_61 16903
>clpA_60 10535
>clpA_67 270
>clpA_65 12676
>clpA_64 7690
>clpA_161 49648
>clpA_69 7252
>clpA_68 139006
>clpA_160 45629
>clpA_163 19147
>clpA_162 10644
>clpA_9 8355
>clpA_1 8355
>clpA_2 8138
>clpA_4 92
>clpA_7 189
>clpA_124 11975
variant proportion of unique pairs
>clpA_56 0.0154
>clpA_57 0.3746
>clpA_54 0.1209
>clpA_55 0.1477
>clpA_52 0.1477
>clpA_53 0.0037
>clpA_50 0.0087
>clpA_153 0.116
>clpA_158 0.4107
>clpA_156 0.2763
>clpA_58 0.1384
>clpA_59 0.1477
>clpA_157 0.4414
>clpA_150 0.2945
>clpA_151 1.9232
>clpA_152 2.327
>clpA_92 0.4771
>clpA_93 0.4494
>clpA_90 0.0024
>clpA_91 0.2032
>clpA_97 0.1477
>clpA_121 0.2252
>clpA_120 0.0208
>clpA_123 1.0846
>clpA_122 0.1983
>clpA_125 0.1074
>clpA_94 2.1937
>clpA_127 1.3606
>clpA_126 0.3226
>clpA_129 0.0857
>clpA_128 0.004
>clpA_95 0.1662
>clpA_63 0.275
>clpA_62 0.0174
>clpA_61 0.2989
>clpA_132 0.2247
>clpA_133 0.14
>clpA_130 0.1525
>clpA_131 0.1084
>clpA_136 0.1517
>clpA_137 0.0677
>clpA_134 0.0335
>clpA_135 0.1024
>clpA_67 0.0048
>clpA_138 0.0027
>clpA_65 0.2242
>clpA_64 0.136
>clpA_49 0.1477
>clpA_48 0.004
>clpA_41 0.2748
>clpA_40 0.0037
>clpA_45 0.0771
>clpA_44 0.1281
>clpA_47 0.1477
>clpA_68 2.4582
>clpA_107 0.008
>clpA_106 0.1865
>clpA_105 0.0428
>clpA_104 0.0096
>clpA_103 0.1459
>clpA_102 0.2319
>clpA_76 0.1517
>clpA_100 1.538
>clpA_108 0.0505
>clpA_69 0.1282
>clpA_189 2.2086
>clpA_188 0.281
>clpA_187 0.1726
>clpA_186 0.5519
>clpA_185 0.4763
>clpA_184 2.5741
>clpA_183 0.0777
>clpA_182 0.9397
>clpA_181 0.264
>clpA_180 2.407
>clpA_38 0.0507
>clpA_39 0.1456
>clpA_34 0.1477
>clpA_37 0.0034
>clpA_30 0.0375
>clpA_31 0.115
>clpA_32 0.6118
>clpA_33 0.1427
>clpA_118 0.008
>clpA_119 0.1477
>clpA_98 0.1477
>clpA_110 1.7891
>clpA_111 0.1477
>clpA_112 0.0227
>clpA_113 0.0879
>clpA_96 0.442
>clpA_115 0.1768
>clpA_116 0.0152
>clpA_117 0.0596
>clpA_218 2.8176
>clpA_213 0.5768
>clpA_212 2.5612
>clpA_211 2.574
>clpA_210 0.903
>clpA_217 2.6827
>clpA_216 2.7284
>clpA_215 2.7179
>clpA_214 2.6095
>clpA_190 0.4203
>clpA_191 0.0207
>clpA_192 0.0037
>clpA_193 0.6775
>clpA_194 0.1491
>clpA_195 0.0152
>clpA_196 0.3905
>clpA_197 0.4362
>clpA_198 0.0438
>clpA_199 0.4541
>clpA_77 0.6224
>clpA_78 0.2065
>clpA_29 0.1628
>clpA_177 2.0556
>clpA_27 0.2318
>clpA_26 0.009
>clpA_25 0.0013
>clpA_24 0.1481
>clpA_23 0.0097
>clpA_21 0.0006
>clpA_89 0.5886
>clpA_88 0.3246
>clpA_85 0.1715
>clpA_84 0.5951
>clpA_87 0.3856
>clpA_166 0.2851
>clpA_81 0.2543
>clpA_80 0.4725
>clpA_83 0.0271
>clpA_82 0.1822
>clpA_208 1.1995
>clpA_209 0.9508
>clpA_204 2.4767
>clpA_205 0.2863
>clpA_206 2.1766
>clpA_207 0.8161
>clpA_200 1.6532
>clpA_201 2.6204
>clpA_202 0.2867
>clpA_203 0.1454
>clpA_159 0.0928
>clpA_12 0.0143
>clpA_13 0.0037
>clpA_10 0.1477
>clpA_16 0.1477
>clpA_17 0.0129
>clpA_15 0.1321
>clpA_18 0.0909
>clpA_19 0.1433
>clpA_70 0.1664
>clpA_71 1.1186
>clpA_72 0.005
>clpA_73 0.4343
>clpA_74 0.4503
>clpA_75 0.4414
>clpA_178 1.9021
>clpA_179 1.9942
>clpA_176 1.7534
>clpA_79 0.2253
>clpA_174 1.478
>clpA_175 0.7116
>clpA_172 0.0073
>clpA_173 0.0996
>clpA_170 2.5492
>clpA_171 0.0076
>clpA_154 0.6263
>clpA_169 0.3473
>clpA_168 0.4614
>clpA_165 0.3156
>clpA_155 0.0826
>clpA_164 0.008
>clpA_167 0.2774
>clpA_143 0.4645
>clpA_142 0.2876
>clpA_141 0.347
>clpA_140 0.0265
>clpA_147 0.2146
>clpA_146 0.0106
>clpA_145 0.1013
>clpA_144 0.2443
>clpA_161 0.878
>clpA_149 0.9169
>clpA_148 0.0667
>clpA_160 0.8069
>clpA_60 0.1863
>clpA_163 0.3386
>clpA_86 0.0198
>clpA_162 0.1882
>clpA_9 0.1477
>clpA_1 0.1477
>clpA_2 0.1439
>clpA_4 0.0016
>clpA_7 0.0033
>clpA_124 0.2118
