Total number of variants characterized by unique pairs: 197
Total sum of unique pairs 6865835
variant Number of unique pairs
>clpA_56 1680
>clpA_57 29735
>clpA_54 10074
>clpA_55 10990
>clpA_52 10990
>clpA_53 385
>clpA_50 1139
>clpA_158 35366
>clpA_156 23716
>clpA_58 10480
>clpA_59 10990
>clpA_157 32779
>clpA_150 25131
>clpA_151 128847
>clpA_152 145258
>clpA_166 21754
>clpA_153 10597
>clpA_110 121259
>clpA_111 10990
>clpA_112 2492
>clpA_113 8613
>clpA_115 12604
>clpA_121 16379
>clpA_120 2601
>clpA_123 86543
>clpA_122 17791
>clpA_125 11056
>clpA_116 1438
>clpA_127 101092
>clpA_126 26942
>clpA_129 8026
>clpA_128 400
>clpA_117 3339
>clpA_140 4511
>clpA_143 36127
>clpA_142 21946
>clpA_141 27704
>clpA_132 15850
>clpA_133 10748
>clpA_130 11586
>clpA_131 6303
>clpA_136 11388
>clpA_137 5163
>clpA_134 4752
>clpA_135 9320
>clpA_147 15692
>clpA_138 200
>clpA_146 1000
>clpA_145 9516
>clpA_217 153439
>clpA_144 20535
>clpA_49 10990
>clpA_48 400
>clpA_41 20930
>clpA_40 408
>clpA_45 8049
>clpA_44 9920
>clpA_47 10990
>clpA_148 7371
>clpA_107 800
>clpA_106 16167
>clpA_105 4879
>clpA_104 1231
>clpA_103 11955
>clpA_102 16597
>clpA_100 108767
>clpA_108 5492
>clpA_189 141380
>clpA_188 21149
>clpA_187 11956
>clpA_186 40462
>clpA_185 38833
>clpA_184 154121
>clpA_183 7913
>clpA_182 71091
>clpA_181 20232
>clpA_180 147294
>clpA_38 5737
>clpA_39 10990
>clpA_34 10990
>clpA_37 260
>clpA_30 4440
>clpA_31 10065
>clpA_32 55324
>clpA_33 10812
>clpA_118 800
>clpA_119 10990
>clpA_98 10990
>clpA_92 36900
>clpA_93 36247
>clpA_90 280
>clpA_91 16512
>clpA_96 36898
>clpA_97 10990
>clpA_94 144023
>clpA_95 12205
>clpA_218 156520
>clpA_195 1942
>clpA_213 41935
>clpA_212 148066
>clpA_211 151240
>clpA_210 60472
>clpA_159 6361
>clpA_216 151525
>clpA_215 151420
>clpA_214 150159
>clpA_190 31770
>clpA_191 4741
>clpA_192 380
>clpA_193 54624
>clpA_194 11377
>clpA_178 127797
>clpA_196 31834
>clpA_197 34591
>clpA_198 2630
>clpA_199 32758
>clpA_179 132252
>clpA_149 66290
>clpA_176 124379
>clpA_29 12545
>clpA_27 19201
>clpA_26 1006
>clpA_25 230
>clpA_24 11080
>clpA_23 1287
>clpA_21 227
>clpA_89 51567
>clpA_88 24777
>clpA_85 13757
>clpA_84 43980
>clpA_87 29424
>clpA_86 2000
>clpA_81 21505
>clpA_80 39216
>clpA_83 2655
>clpA_82 15513
>clpA_208 87615
>clpA_209 69335
>clpA_204 147672
>clpA_205 21580
>clpA_206 139174
>clpA_207 58772
>clpA_200 110132
>clpA_201 150042
>clpA_202 18655
>clpA_203 10810
>clpA_12 1489
>clpA_13 280
>clpA_10 10990
>clpA_16 10990
>clpA_17 1799
>clpA_15 11065
>clpA_18 8044
>clpA_19 10990
>clpA_70 14752
>clpA_71 81220
>clpA_72 1050
>clpA_73 31967
>clpA_74 33986
>clpA_75 32413
>clpA_76 11390
>clpA_77 52887
>clpA_78 17285
>clpA_79 18800
>clpA_174 107213
>clpA_175 57438
>clpA_172 800
>clpA_173 11967
>clpA_170 151339
>clpA_171 979
>clpA_154 48879
>clpA_169 30196
>clpA_168 36347
>clpA_165 29109
>clpA_155 7923
>clpA_164 1086
>clpA_177 136049
>clpA_167 21464
>clpA_63 21013
>clpA_62 1719
>clpA_61 22611
>clpA_60 15437
>clpA_67 620
>clpA_65 19695
>clpA_64 11464
>clpA_161 70369
>clpA_69 11293
>clpA_68 148021
>clpA_160 58971
>clpA_163 25113
>clpA_162 17759
>clpA_9 10990
>clpA_1 10990
>clpA_2 10856
>clpA_4 332
>clpA_7 400
>clpA_124 15090
variant proportion of unique pairs
>clpA_56 0.0245
>clpA_57 0.4331
>clpA_54 0.1467
>clpA_55 0.1601
>clpA_52 0.1601
>clpA_53 0.0056
>clpA_50 0.0166
>clpA_153 0.1543
>clpA_158 0.5151
>clpA_156 0.3454
>clpA_58 0.1526
>clpA_59 0.1601
>clpA_157 0.4774
>clpA_150 0.366
>clpA_151 1.8766
>clpA_152 2.1157
>clpA_92 0.5374
>clpA_93 0.5279
>clpA_90 0.0041
>clpA_91 0.2405
>clpA_97 0.1601
>clpA_121 0.2386
>clpA_120 0.0379
>clpA_123 1.2605
>clpA_122 0.2591
>clpA_125 0.161
>clpA_94 2.0977
>clpA_127 1.4724
>clpA_126 0.3924
>clpA_129 0.1169
>clpA_128 0.0058
>clpA_95 0.1778
>clpA_63 0.3061
>clpA_62 0.025
>clpA_61 0.3293
>clpA_132 0.2309
>clpA_133 0.1565
>clpA_130 0.1687
>clpA_131 0.0918
>clpA_136 0.1659
>clpA_137 0.0752
>clpA_134 0.0692
>clpA_135 0.1357
>clpA_67 0.009
>clpA_138 0.0029
>clpA_65 0.2869
>clpA_64 0.167
>clpA_49 0.1601
>clpA_48 0.0058
>clpA_41 0.3048
>clpA_40 0.0059
>clpA_45 0.1172
>clpA_44 0.1445
>clpA_47 0.1601
>clpA_68 2.1559
>clpA_107 0.0117
>clpA_106 0.2355
>clpA_105 0.0711
>clpA_104 0.0179
>clpA_103 0.1741
>clpA_102 0.2417
>clpA_76 0.1659
>clpA_100 1.5842
>clpA_108 0.08
>clpA_69 0.1645
>clpA_189 2.0592
>clpA_188 0.308
>clpA_187 0.1741
>clpA_186 0.5893
>clpA_185 0.5656
>clpA_184 2.2448
>clpA_183 0.1153
>clpA_182 1.0354
>clpA_181 0.2947
>clpA_180 2.1453
>clpA_38 0.0836
>clpA_39 0.1601
>clpA_34 0.1601
>clpA_37 0.0038
>clpA_30 0.0647
>clpA_31 0.1466
>clpA_32 0.8058
>clpA_33 0.1575
>clpA_118 0.0117
>clpA_119 0.1601
>clpA_98 0.1601
>clpA_110 1.7661
>clpA_111 0.1601
>clpA_112 0.0363
>clpA_113 0.1254
>clpA_96 0.5374
>clpA_115 0.1836
>clpA_116 0.0209
>clpA_117 0.0486
>clpA_218 2.2797
>clpA_213 0.6108
>clpA_212 2.1566
>clpA_211 2.2028
>clpA_210 0.8808
>clpA_217 2.2348
>clpA_216 2.2069
>clpA_215 2.2054
>clpA_214 2.187
>clpA_190 0.4627
>clpA_191 0.0691
>clpA_192 0.0055
>clpA_193 0.7956
>clpA_194 0.1657
>clpA_195 0.0283
>clpA_196 0.4637
>clpA_197 0.5038
>clpA_198 0.0383
>clpA_199 0.4771
>clpA_77 0.7703
>clpA_78 0.2518
>clpA_29 0.1827
>clpA_177 1.9815
>clpA_27 0.2797
>clpA_26 0.0147
>clpA_25 0.0033
>clpA_24 0.1614
>clpA_23 0.0187
>clpA_21 0.0033
>clpA_89 0.7511
>clpA_88 0.3609
>clpA_85 0.2004
>clpA_84 0.6406
>clpA_87 0.4286
>clpA_166 0.3168
>clpA_81 0.3132
>clpA_80 0.5712
>clpA_83 0.0387
>clpA_82 0.2259
>clpA_208 1.2761
>clpA_209 1.0099
>clpA_204 2.1508
>clpA_205 0.3143
>clpA_206 2.0271
>clpA_207 0.856
>clpA_200 1.6041
>clpA_201 2.1853
>clpA_202 0.2717
>clpA_203 0.1574
>clpA_159 0.0926
>clpA_12 0.0217
>clpA_13 0.0041
>clpA_10 0.1601
>clpA_16 0.1601
>clpA_17 0.0262
>clpA_15 0.1612
>clpA_18 0.1172
>clpA_19 0.1601
>clpA_70 0.2149
>clpA_71 1.183
>clpA_72 0.0153
>clpA_73 0.4656
>clpA_74 0.495
>clpA_75 0.4721
>clpA_178 1.8613
>clpA_179 1.9262
>clpA_176 1.8116
>clpA_79 0.2738
>clpA_174 1.5615
>clpA_175 0.8366
>clpA_172 0.0117
>clpA_173 0.1743
>clpA_170 2.2042
>clpA_171 0.0143
>clpA_154 0.7119
>clpA_169 0.4398
>clpA_168 0.5294
>clpA_165 0.424
>clpA_155 0.1154
>clpA_164 0.0158
>clpA_167 0.3126
>clpA_143 0.5262
>clpA_142 0.3196
>clpA_141 0.4035
>clpA_140 0.0657
>clpA_147 0.2286
>clpA_146 0.0146
>clpA_145 0.1386
>clpA_144 0.2991
>clpA_161 1.0249
>clpA_149 0.9655
>clpA_148 0.1074
>clpA_160 0.8589
>clpA_60 0.2248
>clpA_163 0.3658
>clpA_86 0.0291
>clpA_162 0.2587
>clpA_9 0.1601
>clpA_1 0.1601
>clpA_2 0.1581
>clpA_4 0.0048
>clpA_7 0.0058
>clpA_124 0.2198
