Total number of variants characterized by unique pairs: 198
Total sum of unique pairs: 7825229
variant Number of unique pairs
>clpA_56 2300
>clpA_57 36772
>clpA_54 10294
>clpA_55 13550
>clpA_52 13550
>clpA_53 625
>clpA_50 2038
>clpA_158 47457
>clpA_156 29896
>clpA_58 13559
>clpA_59 13550
>clpA_157 40350
>clpA_150 35021
>clpA_151 140766
>clpA_152 149642
>clpA_166 27018
>clpA_153 14438
>clpA_110 132218
>clpA_111 13550
>clpA_112 4050
>clpA_113 12664
>clpA_115 15134
>clpA_121 19945
>clpA_120 4566
>clpA_123 105998
>clpA_122 26636
>clpA_125 14426
>clpA_116 2058
>clpA_127 117414
>clpA_126 33826
>clpA_129 11393
>clpA_128 625
>clpA_117 3309
>clpA_140 10261
>clpA_143 44005
>clpA_142 26961
>clpA_141 35875
>clpA_132 19170
>clpA_133 13412
>clpA_130 14583
>clpA_131 6369
>clpA_136 14173
>clpA_137 5787
>clpA_134 8067
>clpA_135 12883
>clpA_147 18275
>clpA_138 250
>clpA_146 1500
>clpA_145 13494
>clpA_217 152460
>clpA_144 27195
>clpA_49 13550
>clpA_48 625
>clpA_41 26045
>clpA_40 650
>clpA_45 12006
>clpA_44 10425
>clpA_47 13550
>clpA_148 11144
>clpA_107 1465
>clpA_106 22314
>clpA_105 7842
>clpA_104 2590
>clpA_103 14885
>clpA_102 19692
>clpA_100 123722
>clpA_108 8893
>clpA_189 146468
>clpA_188 26362
>clpA_187 14752
>clpA_186 48319
>clpA_185 51451
>clpA_184 154597
>clpA_183 12055
>clpA_182 82424
>clpA_181 26537
>clpA_180 150787
>clpA_38 9003
>clpA_39 13550
>clpA_34 13550
>clpA_37 325
>clpA_30 9296
>clpA_31 12836
>clpA_32 71108
>clpA_33 13413
>clpA_118 1250
>clpA_119 13550
>clpA_98 13550
>clpA_92 46805
>clpA_93 46375
>clpA_90 475
>clpA_91 21652
>clpA_96 48990
>clpA_97 13550
>clpA_94 149480
>clpA_95 14857
>clpA_218 153735
>clpA_195 3549
>clpA_213 48853
>clpA_212 147551
>clpA_211 151508
>clpA_210 66248
>clpA_159 7542
>clpA_216 148785
>clpA_215 148779
>clpA_214 148530
>clpA_190 38775
>clpA_191 8486
>clpA_192 600
>clpA_193 68522
>clpA_194 14570
>clpA_178 139248
>clpA_196 43836
>clpA_197 44245
>clpA_198 2835
>clpA_199 41108
>clpA_179 140849
>clpA_149 77844
>clpA_176 137871
>clpA_29 15759
>clpA_27 25018
>clpA_26 1741
>clpA_25 510
>clpA_24 13774
>clpA_23 1968
>clpA_21 552
>clpA_89 66532
>clpA_88 28435
>clpA_85 17925
>clpA_84 55637
>clpA_87 35069
>clpA_86 3075
>clpA_81 27020
>clpA_80 53922
>clpA_83 5155
>clpA_82 21036
>clpA_208 103361
>clpA_209 82675
>clpA_204 148022
>clpA_205 26475
>clpA_206 145949
>clpA_207 68239
>clpA_200 121868
>clpA_201 148454
>clpA_202 21020
>clpA_203 13325
>clpA_12 2369
>clpA_13 350
>clpA_10 13550
>clpA_16 13550
>clpA_17 3500
>clpA_15 14120
>clpA_18 10950
>clpA_19 13550
>clpA_70 20152
>clpA_71 95779
>clpA_72 2522
>clpA_73 36849
>clpA_74 42072
>clpA_75 39294
>clpA_76 14254
>clpA_77 68081
>clpA_78 23354
>clpA_79 25094
>clpA_174 124723
>clpA_175 70523
>clpA_172 1250
>clpA_173 19003
>clpA_170 151907
>clpA_171 1810
>clpA_154 60944
>clpA_169 37412
>clpA_168 43162
>clpA_165 40399
>clpA_155 11172
>clpA_164 3486
>clpA_177 144514
>clpA_167 27213
>clpA_63 26190
>clpA_62 2535
>clpA_61 29907
>clpA_60 20888
>clpA_67 1025
>clpA_65 26042
>clpA_64 15236
>clpA_161 89179
>clpA_69 14671
>clpA_68 148136
>clpA_160 72213
>clpA_163 30756
>clpA_162 25183
>clpA_9 13550
>clpA_1 13550
>clpA_2 13445
>clpA_4 646
>clpA_6 6
>clpA_7 625
>clpA_124 18030
variant proportion of unique pairs
>clpA_56 0.0294
>clpA_57 0.4699
>clpA_54 0.1315
>clpA_55 0.1732
>clpA_52 0.1732
>clpA_53 0.008
>clpA_50 0.026
>clpA_153 0.1845
>clpA_158 0.6065
>clpA_156 0.382
>clpA_58 0.1733
>clpA_59 0.1732
>clpA_157 0.5156
>clpA_150 0.4475
>clpA_151 1.7989
>clpA_152 1.9123
>clpA_92 0.5981
>clpA_93 0.5926
>clpA_90 0.0061
>clpA_91 0.2767
>clpA_97 0.1732
>clpA_121 0.2549
>clpA_120 0.0583
>clpA_123 1.3546
>clpA_122 0.3404
>clpA_125 0.1844
>clpA_94 1.9102
>clpA_127 1.5005
>clpA_126 0.4323
>clpA_129 0.1456
>clpA_128 0.008
>clpA_95 0.1899
>clpA_63 0.3347
>clpA_62 0.0324
>clpA_61 0.3822
>clpA_132 0.245
>clpA_133 0.1714
>clpA_130 0.1864
>clpA_131 0.0814
>clpA_136 0.1811
>clpA_137 0.074
>clpA_134 0.1031
>clpA_135 0.1646
>clpA_67 0.0131
>clpA_138 0.0032
>clpA_65 0.3328
>clpA_64 0.1947
>clpA_49 0.1732
>clpA_48 0.008
>clpA_41 0.3328
>clpA_40 0.0083
>clpA_45 0.1534
>clpA_44 0.1332
>clpA_47 0.1732
>clpA_68 1.8931
>clpA_107 0.0187
>clpA_106 0.2852
>clpA_105 0.1002
>clpA_104 0.0331
>clpA_103 0.1902
>clpA_102 0.2516
>clpA_76 0.1822
>clpA_100 1.5811
>clpA_108 0.1136
>clpA_69 0.1875
>clpA_189 1.8717
>clpA_188 0.3369
>clpA_187 0.1885
>clpA_186 0.6175
>clpA_185 0.6575
>clpA_184 1.9756
>clpA_183 0.1541
>clpA_182 1.0533
>clpA_181 0.3391
>clpA_180 1.9269
>clpA_38 0.1151
>clpA_39 0.1732
>clpA_34 0.1732
>clpA_37 0.0042
>clpA_30 0.1188
>clpA_31 0.164
>clpA_32 0.9087
>clpA_33 0.1714
>clpA_118 0.016
>clpA_119 0.1732
>clpA_98 0.1732
>clpA_110 1.6896
>clpA_111 0.1732
>clpA_112 0.0518
>clpA_113 0.1618
>clpA_96 0.6261
>clpA_115 0.1934
>clpA_116 0.0263
>clpA_117 0.0423
>clpA_218 1.9646
>clpA_213 0.6243
>clpA_212 1.8856
>clpA_211 1.9361
>clpA_210 0.8466
>clpA_217 1.9483
>clpA_216 1.9014
>clpA_215 1.9013
>clpA_214 1.8981
>clpA_190 0.4955
>clpA_191 0.1084
>clpA_192 0.0077
>clpA_193 0.8757
>clpA_194 0.1862
>clpA_195 0.0454
>clpA_196 0.5602
>clpA_197 0.5654
>clpA_198 0.0362
>clpA_199 0.5253
>clpA_77 0.87
>clpA_78 0.2984
>clpA_29 0.2014
>clpA_177 1.8468
>clpA_27 0.3197
>clpA_26 0.0222
>clpA_25 0.0065
>clpA_24 0.176
>clpA_23 0.0251
>clpA_21 0.0071
>clpA_89 0.8502
>clpA_88 0.3634
>clpA_85 0.2291
>clpA_84 0.711
>clpA_87 0.4482
>clpA_166 0.3453
>clpA_81 0.3453
>clpA_80 0.6891
>clpA_83 0.0659
>clpA_82 0.2688
>clpA_208 1.3209
>clpA_209 1.0565
>clpA_204 1.8916
>clpA_205 0.3383
>clpA_206 1.8651
>clpA_207 0.872
>clpA_200 1.5574
>clpA_201 1.8971
>clpA_202 0.2686
>clpA_203 0.1703
>clpA_159 0.0964
>clpA_12 0.0303
>clpA_13 0.0045
>clpA_10 0.1732
>clpA_16 0.1732
>clpA_17 0.0447
>clpA_15 0.1804
>clpA_18 0.1399
>clpA_19 0.1732
>clpA_70 0.2575
>clpA_71 1.224
>clpA_72 0.0322
>clpA_73 0.4709
>clpA_74 0.5376
>clpA_75 0.5021
>clpA_178 1.7795
>clpA_179 1.7999
>clpA_176 1.7619
>clpA_79 0.3207
>clpA_174 1.5939
>clpA_175 0.9012
>clpA_172 0.016
>clpA_173 0.2428
>clpA_170 1.9412
>clpA_171 0.0231
>clpA_154 0.7788
>clpA_169 0.4781
>clpA_168 0.5516
>clpA_165 0.5163
>clpA_155 0.1428
>clpA_164 0.0445
>clpA_167 0.3478
>clpA_143 0.5623
>clpA_142 0.3445
>clpA_141 0.4585
>clpA_140 0.1311
>clpA_147 0.2335
>clpA_146 0.0192
>clpA_145 0.1724
>clpA_144 0.3475
>clpA_161 1.1396
>clpA_149 0.9948
>clpA_148 0.1424
>clpA_160 0.9228
>clpA_60 0.2669
>clpA_163 0.393
>clpA_86 0.0393
>clpA_162 0.3218
>clpA_9 0.1732
>clpA_1 0.1732
>clpA_2 0.1718
>clpA_4 0.0083
>clpA_6 0.0001
>clpA_7 0.008
>clpA_124 0.2304
