Total number of variants characterized by unique pairs: 199
Total sum of unique pairs:8616639
variant Number of unique pairs
>clpA_56 4017
>clpA_57 42689
>clpA_54 10655
>clpA_55 16035
>clpA_52 16035
>clpA_53 900
>clpA_50 3095
>clpA_158 60401
>clpA_156 35566
>clpA_58 16044
>clpA_59 16035
>clpA_157 47740
>clpA_150 45767
>clpA_151 145209
>clpA_152 149435
>clpA_166 32335
>clpA_153 18291
>clpA_110 138197
>clpA_111 16035
>clpA_112 7215
>clpA_113 15679
>clpA_115 17589
>clpA_121 23451
>clpA_120 7182
>clpA_123 120850
>clpA_122 36242
>clpA_125 17115
>clpA_116 2847
>clpA_127 127968
>clpA_126 39506
>clpA_129 15030
>clpA_128 900
>clpA_117 3279
>clpA_140 16744
>clpA_143 51857
>clpA_142 32038
>clpA_141 43786
>clpA_132 22352
>clpA_133 15977
>clpA_130 17711
>clpA_131 6407
>clpA_136 16933
>clpA_137 6225
>clpA_134 11473
>clpA_135 15950
>clpA_147 20670
>clpA_138 450
>clpA_139 96
>clpA_146 2100
>clpA_145 17415
>clpA_217 150380
>clpA_144 33436
>clpA_49 16035
>clpA_48 900
>clpA_41 30900
>clpA_40 930
>clpA_45 15279
>clpA_44 11030
>clpA_47 16122
>clpA_148 14901
>clpA_107 2610
>clpA_106 25921
>clpA_105 11718
>clpA_104 4220
>clpA_103 17550
>clpA_102 22516
>clpA_100 132856
>clpA_108 13181
>clpA_189 146877
>clpA_188 31121
>clpA_187 18066
>clpA_186 56085
>clpA_185 63761
>clpA_184 152448
>clpA_183 15822
>clpA_182 91072
>clpA_181 32354
>clpA_180 150341
>clpA_38 12529
>clpA_39 16035
>clpA_34 16035
>clpA_37 390
>clpA_30 15455
>clpA_31 15512
>clpA_32 83305
>clpA_33 15956
>clpA_118 1800
>clpA_119 16035
>clpA_98 16035
>clpA_92 55690
>clpA_93 51626
>clpA_90 720
>clpA_91 27399
>clpA_96 61057
>clpA_97 16035
>clpA_94 149237
>clpA_95 17397
>clpA_218 150975
>clpA_195 7376
>clpA_213 54918
>clpA_212 145665
>clpA_211 150387
>clpA_210 69948
>clpA_159 7948
>clpA_216 146070
>clpA_215 146070
>clpA_214 146022
>clpA_190 45405
>clpA_191 12120
>clpA_192 870
>clpA_193 79125
>clpA_194 18071
>clpA_178 144233
>clpA_196 55097
>clpA_197 53696
>clpA_198 3090
>clpA_199 49810
>clpA_179 144281
>clpA_149 89759
>clpA_176 143218
>clpA_29 18489
>clpA_27 30072
>clpA_26 2611
>clpA_25 951
>clpA_24 16548
>clpA_23 2591
>clpA_21 1068
>clpA_89 78157
>clpA_88 31174
>clpA_85 22384
>clpA_84 63521
>clpA_87 38698
>clpA_86 4290
>clpA_81 31854
>clpA_80 68018
>clpA_83 9570
>clpA_82 26771
>clpA_208 113938
>clpA_209 92582
>clpA_204 145889
>clpA_205 31170
>clpA_206 147567
>clpA_207 77012
>clpA_200 129560
>clpA_201 146013
>clpA_202 23310
>clpA_203 15765
>clpA_12 3467
>clpA_13 420
>clpA_10 16035
>clpA_16 16035
>clpA_17 5771
>clpA_15 16935
>clpA_18 13657
>clpA_19 16035
>clpA_70 25268
>clpA_71 107341
>clpA_72 4239
>clpA_73 41229
>clpA_74 49331
>clpA_75 44579
>clpA_76 15761
>clpA_77 81793
>clpA_78 30864
>clpA_79 32056
>clpA_174 133713
>clpA_175 80556
>clpA_172 1800
>clpA_173 25541
>clpA_170 150378
>clpA_171 2922
>clpA_154 72099
>clpA_169 42765
>clpA_168 49840
>clpA_165 49706
>clpA_155 14447
>clpA_164 6578
>clpA_177 146934
>clpA_167 32835
>clpA_63 31060
>clpA_62 3501
>clpA_61 37245
>clpA_60 27048
>clpA_67 1557
>clpA_65 31460
>clpA_64 18909
>clpA_161 104973
>clpA_69 17806
>clpA_68 145943
>clpA_160 84138
>clpA_163 36164
>clpA_162 31713
>clpA_9 16035
>clpA_1 13425
>clpA_2 13949
>clpA_4 926
>clpA_6 66
>clpA_7 900
>clpA_124 20966
variant proportion of unique pairs
>clpA_56 0.0466
>clpA_57 0.4954
>clpA_54 0.1237
>clpA_55 0.1861
>clpA_52 0.1861
>clpA_53 0.0104
>clpA_50 0.0359
>clpA_153 0.2123
>clpA_158 0.701
>clpA_156 0.4128
>clpA_58 0.1862
>clpA_59 0.1861
>clpA_157 0.554
>clpA_150 0.5311
>clpA_151 1.6852
>clpA_152 1.7343
>clpA_92 0.6463
>clpA_93 0.5991
>clpA_90 0.0084
>clpA_91 0.318
>clpA_97 0.1861
>clpA_121 0.2722
>clpA_120 0.0834
>clpA_123 1.4025
>clpA_122 0.4206
>clpA_125 0.1986
>clpA_94 1.732
>clpA_127 1.4851
>clpA_126 0.4585
>clpA_129 0.1744
>clpA_128 0.0104
>clpA_95 0.2019
>clpA_63 0.3605
>clpA_62 0.0406
>clpA_61 0.4322
>clpA_132 0.2594
>clpA_133 0.1854
>clpA_130 0.2055
>clpA_131 0.0744
>clpA_136 0.1965
>clpA_137 0.0722
>clpA_134 0.1331
>clpA_135 0.1851
>clpA_67 0.0181
>clpA_138 0.0052
>clpA_139 0.0011
>clpA_65 0.3651
>clpA_64 0.2194
>clpA_49 0.1861
>clpA_48 0.0104
>clpA_41 0.3586
>clpA_40 0.0108
>clpA_45 0.1773
>clpA_44 0.128
>clpA_47 0.1871
>clpA_68 1.6937
>clpA_107 0.0303
>clpA_106 0.3008
>clpA_105 0.136
>clpA_104 0.049
>clpA_103 0.2037
>clpA_102 0.2613
>clpA_76 0.1829
>clpA_100 1.5419
>clpA_108 0.153
>clpA_69 0.2066
>clpA_189 1.7046
>clpA_188 0.3612
>clpA_187 0.2097
>clpA_186 0.6509
>clpA_185 0.74
>clpA_184 1.7692
>clpA_183 0.1836
>clpA_182 1.0569
>clpA_181 0.3755
>clpA_180 1.7448
>clpA_38 0.1454
>clpA_39 0.1861
>clpA_34 0.1861
>clpA_37 0.0045
>clpA_30 0.1794
>clpA_31 0.18
>clpA_32 0.9668
>clpA_33 0.1852
>clpA_118 0.0209
>clpA_119 0.1861
>clpA_98 0.1861
>clpA_110 1.6038
>clpA_111 0.1861
>clpA_112 0.0837
>clpA_113 0.182
>clpA_96 0.7086
>clpA_115 0.2041
>clpA_116 0.033
>clpA_117 0.0381
>clpA_218 1.7521
>clpA_213 0.6373
>clpA_212 1.6905
>clpA_211 1.7453
>clpA_210 0.8118
>clpA_217 1.7452
>clpA_216 1.6952
>clpA_215 1.6952
>clpA_214 1.6947
>clpA_190 0.5269
>clpA_191 0.1407
>clpA_192 0.0101
>clpA_193 0.9183
>clpA_194 0.2097
>clpA_195 0.0856
>clpA_196 0.6394
>clpA_197 0.6232
>clpA_198 0.0359
>clpA_199 0.5781
>clpA_77 0.9492
>clpA_78 0.3582
>clpA_29 0.2146
>clpA_177 1.7052
>clpA_27 0.349
>clpA_26 0.0303
>clpA_25 0.011
>clpA_24 0.192
>clpA_23 0.0301
>clpA_21 0.0124
>clpA_89 0.907
>clpA_88 0.3618
>clpA_85 0.2598
>clpA_84 0.7372
>clpA_87 0.4491
>clpA_166 0.3753
>clpA_81 0.3697
>clpA_80 0.7894
>clpA_83 0.1111
>clpA_82 0.3107
>clpA_208 1.3223
>clpA_209 1.0745
>clpA_204 1.6931
>clpA_205 0.3617
>clpA_206 1.7126
>clpA_207 0.8938
>clpA_200 1.5036
>clpA_201 1.6945
>clpA_202 0.2705
>clpA_203 0.183
>clpA_159 0.0922
>clpA_12 0.0402
>clpA_13 0.0049
>clpA_10 0.1861
>clpA_16 0.1861
>clpA_17 0.067
>clpA_15 0.1965
>clpA_18 0.1585
>clpA_19 0.1861
>clpA_70 0.2932
>clpA_71 1.2457
>clpA_72 0.0492
>clpA_73 0.4785
>clpA_74 0.5725
>clpA_75 0.5174
>clpA_178 1.6739
>clpA_179 1.6744
>clpA_176 1.6621
>clpA_79 0.372
>clpA_174 1.5518
>clpA_175 0.9349
>clpA_172 0.0209
>clpA_173 0.2964
>clpA_170 1.7452
>clpA_171 0.0339
>clpA_154 0.8367
>clpA_169 0.4963
>clpA_168 0.5784
>clpA_165 0.5769
>clpA_155 0.1677
>clpA_164 0.0763
>clpA_167 0.3811
>clpA_143 0.6018
>clpA_142 0.3718
>clpA_141 0.5082
>clpA_140 0.1943
>clpA_147 0.2399
>clpA_146 0.0244
>clpA_145 0.2021
>clpA_144 0.388
>clpA_161 1.2183
>clpA_149 1.0417
>clpA_148 0.1729
>clpA_160 0.9765
>clpA_60 0.3139
>clpA_163 0.4197
>clpA_86 0.0498
>clpA_162 0.368
>clpA_9 0.1861
>clpA_1 0.1558
>clpA_2 0.1619
>clpA_4 0.0107
>clpA_6 0.0008
>clpA_7 0.0104
>clpA_124 0.2433
