Total number of variants characterized by unique pairs: 202
Total sum of unique pairs: 9291145
variant Number of unique pairs
>clpA_56 6184
>clpA_57 47315
>clpA_54 10690
>clpA_55 18445
>clpA_52 18445
>clpA_53 1085
>clpA_50 4373
>clpA_158 71566
>clpA_156 40926
>clpA_58 18469
>clpA_59 18445
>clpA_157 55105
>clpA_150 56776
>clpA_151 145696
>clpA_152 147499
>clpA_166 37420
>clpA_153 22227
>clpA_110 141408
>clpA_111 18445
>clpA_112 11364
>clpA_113 18364
>clpA_115 19969
>clpA_121 26405
>clpA_120 10211
>clpA_123 129100
>clpA_122 45911
>clpA_125 19705
>clpA_116 4060
>clpA_127 133153
>clpA_126 44014
>clpA_129 17994
>clpA_128 1225
>clpA_117 3249
>clpA_140 23577
>clpA_143 59705
>clpA_142 37648
>clpA_141 52132
>clpA_132 25088
>clpA_133 18445
>clpA_130 20987
>clpA_131 6431
>clpA_136 19670
>clpA_137 6810
>clpA_134 14898
>clpA_135 18445
>clpA_147 22990
>clpA_138 770
>clpA_139 374
>clpA_146 2800
>clpA_145 21195
>clpA_217 148050
>clpA_144 39346
>clpA_49 18445
>clpA_48 1225
>clpA_41 35500
>clpA_40 1260
>clpA_42 175
>clpA_45 18332
>clpA_44 11689
>clpA_47 18733
>clpA_148 18180
>clpA_107 4005
>clpA_106 29532
>clpA_105 16992
>clpA_104 5930
>clpA_103 20135
>clpA_102 24957
>clpA_100 138156
>clpA_108 17577
>clpA_189 145676
>clpA_188 35665
>clpA_187 21484
>clpA_186 63888
>clpA_185 74319
>clpA_184 149845
>clpA_183 19174
>clpA_182 98653
>clpA_181 35665
>clpA_180 148083
>clpA_38 15585
>clpA_39 18445
>clpA_34 18445
>clpA_37 455
>clpA_30 21550
>clpA_31 18092
>clpA_32 93335
>clpA_33 18391
>clpA_118 2450
>clpA_119 18445
>clpA_98 18445
>clpA_99 36
>clpA_92 63581
>clpA_93 56118
>clpA_90 1015
>clpA_91 32749
>clpA_96 72366
>clpA_97 18445
>clpA_94 147394
>clpA_95 21010
>clpA_218 148240
>clpA_195 13292
>clpA_213 60608
>clpA_212 143230
>clpA_211 148071
>clpA_210 72151
>clpA_159 8055
>clpA_216 143380
>clpA_215 143380
>clpA_214 143370
>clpA_190 51660
>clpA_191 16201
>clpA_192 2146
>clpA_193 88223
>clpA_194 21833
>clpA_178 144656
>clpA_196 64478
>clpA_197 63143
>clpA_198 3395
>clpA_199 55420
>clpA_179 144275
>clpA_149 100439
>clpA_176 144793
>clpA_29 21194
>clpA_27 34687
>clpA_26 3616
>clpA_25 1836
>clpA_24 19429
>clpA_23 3060
>clpA_22 24
>clpA_21 1814
>clpA_89 87318
>clpA_88 35136
>clpA_85 27155
>clpA_84 70205
>clpA_87 40920
>clpA_86 7330
>clpA_81 36464
>clpA_80 79934
>clpA_83 14076
>clpA_82 32777
>clpA_208 119430
>clpA_209 101023
>clpA_204 143364
>clpA_205 35665
>clpA_206 146574
>clpA_207 85073
>clpA_200 134064
>clpA_201 143365
>clpA_202 25525
>clpA_203 18130
>clpA_12 4795
>clpA_13 490
>clpA_10 18445
>clpA_16 18445
>clpA_17 8561
>clpA_15 19600
>clpA_18 16618
>clpA_19 18445
>clpA_70 30853
>clpA_71 115996
>clpA_72 6109
>clpA_73 45409
>clpA_74 55768
>clpA_75 47692
>clpA_76 16435
>clpA_77 93446
>clpA_78 38009
>clpA_79 39553
>clpA_174 137044
>clpA_175 86725
>clpA_172 2450
>clpA_173 30970
>clpA_170 148081
>clpA_171 4568
>clpA_154 81900
>clpA_169 47762
>clpA_168 57232
>clpA_165 57419
>clpA_155 17747
>clpA_164 9715
>clpA_177 146226
>clpA_167 38395
>clpA_63 35665
>clpA_62 4611
>clpA_61 42985
>clpA_60 33723
>clpA_67 2368
>clpA_65 36718
>clpA_64 22471
>clpA_161 117244
>clpA_69 20755
>clpA_68 143325
>clpA_160 94138
>clpA_163 41405
>clpA_162 35141
>clpA_9 18445
>clpA_1 13300
>clpA_2 13819
>clpA_4 1361
>clpA_6 195
>clpA_7 1225
>clpA_124 23490
variant proportion of unique pairs
>clpA_56 0.0666
>clpA_57 0.5092
>clpA_54 0.1151
>clpA_55 0.1985
>clpA_52 0.1985
>clpA_53 0.0117
>clpA_50 0.0471
>clpA_153 0.2392
>clpA_158 0.7703
>clpA_156 0.4405
>clpA_58 0.1988
>clpA_59 0.1985
>clpA_157 0.5931
>clpA_150 0.6111
>clpA_151 1.5681
>clpA_152 1.5875
>clpA_92 0.6843
>clpA_93 0.604
>clpA_90 0.0109
>clpA_91 0.3525
>clpA_97 0.1985
>clpA_121 0.2842
>clpA_120 0.1099
>clpA_123 1.3895
>clpA_122 0.4941
>clpA_125 0.2121
>clpA_94 1.5864
>clpA_127 1.4331
>clpA_126 0.4737
>clpA_129 0.1937
>clpA_128 0.0132
>clpA_95 0.2261
>clpA_63 0.3839
>clpA_62 0.0496
>clpA_61 0.4626
>clpA_132 0.27
>clpA_133 0.1985
>clpA_130 0.2259
>clpA_131 0.0692
>clpA_136 0.2117
>clpA_137 0.0733
>clpA_134 0.1603
>clpA_135 0.1985
>clpA_67 0.0255
>clpA_138 0.0083
>clpA_139 0.004
>clpA_65 0.3952
>clpA_64 0.2419
>clpA_49 0.1985
>clpA_48 0.0132
>clpA_41 0.3821
>clpA_40 0.0136
>clpA_42 0.0019
>clpA_45 0.1973
>clpA_44 0.1258
>clpA_47 0.2016
>clpA_68 1.5426
>clpA_107 0.0431
>clpA_106 0.3179
>clpA_105 0.1829
>clpA_104 0.0638
>clpA_103 0.2167
>clpA_102 0.2686
>clpA_76 0.1769
>clpA_100 1.487
>clpA_108 0.1892
>clpA_69 0.2234
>clpA_189 1.5679
>clpA_188 0.3839
>clpA_187 0.2312
>clpA_186 0.6876
>clpA_185 0.7999
>clpA_184 1.6128
>clpA_183 0.2064
>clpA_182 1.0618
>clpA_181 0.3839
>clpA_180 1.5938
>clpA_38 0.1677
>clpA_39 0.1985
>clpA_34 0.1985
>clpA_37 0.0049
>clpA_30 0.2319
>clpA_31 0.1947
>clpA_32 1.0046
>clpA_33 0.1979
>clpA_118 0.0264
>clpA_119 0.1985
>clpA_98 0.1985
>clpA_99 0.0004
>clpA_110 1.522
>clpA_111 0.1985
>clpA_112 0.1223
>clpA_113 0.1977
>clpA_96 0.7789
>clpA_115 0.2149
>clpA_116 0.0437
>clpA_117 0.035
>clpA_218 1.5955
>clpA_213 0.6523
>clpA_212 1.5416
>clpA_211 1.5937
>clpA_210 0.7766
>clpA_217 1.5935
>clpA_216 1.5432
>clpA_215 1.5432
>clpA_214 1.5431
>clpA_190 0.556
>clpA_191 0.1744
>clpA_192 0.0231
>clpA_193 0.9495
>clpA_194 0.235
>clpA_195 0.1431
>clpA_196 0.694
>clpA_197 0.6796
>clpA_198 0.0365
>clpA_199 0.5965
>clpA_77 1.0058
>clpA_78 0.4091
>clpA_29 0.2281
>clpA_177 1.5738
>clpA_27 0.3733
>clpA_26 0.0389
>clpA_25 0.0198
>clpA_24 0.2091
>clpA_23 0.0329
>clpA_22 0.0003
>clpA_21 0.0195
>clpA_89 0.9398
>clpA_88 0.3782
>clpA_85 0.2923
>clpA_84 0.7556
>clpA_87 0.4404
>clpA_166 0.4027
>clpA_81 0.3925
>clpA_80 0.8603
>clpA_83 0.1515
>clpA_82 0.3528
>clpA_208 1.2854
>clpA_209 1.0873
>clpA_204 1.543
>clpA_205 0.3839
>clpA_206 1.5776
>clpA_207 0.9156
>clpA_200 1.4429
>clpA_201 1.543
>clpA_202 0.2747
>clpA_203 0.1951
>clpA_159 0.0867
>clpA_12 0.0516
>clpA_13 0.0053
>clpA_10 0.1985
>clpA_16 0.1985
>clpA_17 0.0921
>clpA_15 0.211
>clpA_18 0.1789
>clpA_19 0.1985
>clpA_70 0.3321
>clpA_71 1.2485
>clpA_72 0.0658
>clpA_73 0.4887
>clpA_74 0.6002
>clpA_75 0.5133
>clpA_178 1.5569
>clpA_179 1.5528
>clpA_176 1.5584
>clpA_79 0.4257
>clpA_174 1.475
>clpA_175 0.9334
>clpA_172 0.0264
>clpA_173 0.3333
>clpA_170 1.5938
>clpA_171 0.0492
>clpA_154 0.8815
>clpA_169 0.5141
>clpA_168 0.616
>clpA_165 0.618
>clpA_155 0.191
>clpA_164 0.1046
>clpA_167 0.4132
>clpA_143 0.6426
>clpA_142 0.4052
>clpA_141 0.5611
>clpA_140 0.2538
>clpA_147 0.2474
>clpA_146 0.0301
>clpA_145 0.2281
>clpA_144 0.4235
>clpA_161 1.2619
>clpA_149 1.081
>clpA_148 0.1957
>clpA_160 1.0132
>clpA_60 0.363
>clpA_163 0.4456
>clpA_86 0.0789
>clpA_162 0.3782
>clpA_9 0.1985
>clpA_1 0.1431
>clpA_2 0.1487
>clpA_4 0.0146
>clpA_6 0.0021
>clpA_7 0.0132
>clpA_124 0.2528
