Total number of variants: 143
Total number of reads: 386
variant: Number of reads that don't map
clpA_178 384
clpA_175 378
clpA_174 366
clpA_177 300
clpA_176 380
clpA_171 234
clpA_173 346
clpA_99 230
clpA_101 384
clpA_96 382
clpA_95 232
clpA_93 298
clpA_92 322
clpA_91 304
clpA_90 298
clpA_17 270
clpA_16 268
clpA_15 266
clpA_87 286
clpA_13 270
clpA_12 274
clpA_11 264
clpA_10 264
clpA_19 268
clpA_18 264
clpA_182 268
clpA_185 242
clpA_186 296
clpA_187 234
clpA_189 384
clpA_108 234
clpA_88 248
clpA_85 300
clpA_86 258
clpA_103 230
clpA_104 264
clpA_105 270
clpA_106 264
clpA_107 274
clpA_210 238
clpA_192 228
clpA_191 230
clpA_197 326
clpA_196 238
clpA_195 234
clpA_194 220
clpA_119 302
clpA_118 304
clpA_112 234
clpA_117 302
clpA_116 272
clpA_31 384
clpA_33 384
clpA_34 384
clpA_7 274
clpA_6 266
clpA_5 262
clpA_4 264
clpA_3 264
clpA_2 274
clpA_1 266
clpA_9 270
clpA_8 264
clpA_207 324
clpA_209 264
clpA_208 280
clpA_14 266
clpA_128 264
clpA_129 254
clpA_126 374
clpA_127 372
clpA_124 372
clpA_125 374
clpA_122 302
clpA_123 304
clpA_120 302
clpA_121 302
clpA_24 264
clpA_25 262
clpA_22 266
clpA_23 264
clpA_20 262
clpA_21 262
clpA_193 250
clpA_211 232
clpA_130 246
clpA_133 384
clpA_132 272
clpA_137 264
clpA_136 384
clpA_139 230
clpA_138 228
clpA_59 278
clpA_58 238
clpA_217 268
clpA_57 326
clpA_56 320
clpA_144 332
clpA_145 292
clpA_146 306
clpA_147 290
clpA_140 262
clpA_141 240
clpA_142 256
clpA_143 244
clpA_148 282
clpA_149 288
clpA_48 286
clpA_74 384
clpA_40 256
clpA_41 288
clpA_42 234
clpA_43 228
clpA_44 242
clpA_45 234
clpA_46 222
clpA_47 226
clpA_72 292
clpA_157 274
clpA_156 272
clpA_155 264
clpA_154 304
clpA_153 312
clpA_70 308
clpA_73 308
clpA_150 254
clpA_159 286
clpA_158 268
clpA_168 318
clpA_169 376
clpA_160 286
clpA_161 270
clpA_166 298
clpA_167 246
clpA_164 384
clpA_165 252
clpA_62 300
clpA_60 300
clpA_66 230
clpA_67 224
clpA_64 242
clpA_65 260
clpA_69 280
The precomputed log-values for mismatch = 0, 1, 2, 3, 4 are: [-0.7638255248661102, -1.0282120347143686, -1.9989909518725932, -3.3886579974711237, -5.079612767577212]
variant: Log sum of mismatches
clpA_178 -1954.569
clpA_175 -1939.703
clpA_174 -1914.007
clpA_177 -1678.942
clpA_176 -1946.416
clpA_171 -1355.564
clpA_173 -1847.276
clpA_99 -1400.446
clpA_101 -1957.349
clpA_96 -1951.187
clpA_95 -1385.987
clpA_93 -1612.426
clpA_92 -1721.455
clpA_91 -1623.414
clpA_90 -1683.101
clpA_17 -1576.766
clpA_16 -1517.426
clpA_15 -1508.204
clpA_14 -1503.261
clpA_13 -1573.745
clpA_12 -1556.179
clpA_11 -1475.793
clpA_10 -1473.545
clpA_19 -1518.794
clpA_18 -1487.789
clpA_182 -1515.158
clpA_185 -1451.426
clpA_186 -1650.821
clpA_187 -1431.914
clpA_189 -1957.349
clpA_108 -1402.222
clpA_88 -1480.253
clpA_85 -1678.608
clpA_86 -1519.396
clpA_103 -1417.322
clpA_104 -1471.379
clpA_105 -1501.948
clpA_106 -1482.603
clpA_107 -1530.461
clpA_210 -1405.42
clpA_192 -1379.202
clpA_191 -1364.917
clpA_197 -1777.06
clpA_196 -1391.283
clpA_195 -1384.429
clpA_194 -1360.402
clpA_119 -1605.943
clpA_118 -1624.996
clpA_112 -1415.634
clpA_117 -1605.679
clpA_116 -1568.482
clpA_31 -1957.349
clpA_33 -1957.349
clpA_34 -1957.349
clpA_7 -1534.765
clpA_6 -1502.468
clpA_5 -1461.385
clpA_4 -1493.633
clpA_3 -1484.13
clpA_2 -1556.972
clpA_1 -1505.886
clpA_9 -1503.648
clpA_8 -1476.163
clpA_207 -1758.501
clpA_209 -1533.671
clpA_208 -1623.879
clpA_128 -1492.379
clpA_129 -1528.581
clpA_126 -1927.27
clpA_127 -1923.888
clpA_124 -1923.888
clpA_125 -1927.27
clpA_122 -1615.99
clpA_123 -1635.675
clpA_120 -1609.116
clpA_121 -1619.677
clpA_24 -1477.997
clpA_25 -1459.683
clpA_22 -1492.61
clpA_23 -1484.923
clpA_20 -1456.971
clpA_21 -1487.104
clpA_193 -1520.337
clpA_211 -1391.946
clpA_130 -1485.563
clpA_133 -1957.349
clpA_132 -1603.377
clpA_137 -1484.394
clpA_136 -1957.349
clpA_139 -1373.737
clpA_138 -1369.01
clpA_59 -1601.152
clpA_58 -1448.762
clpA_217 -1524.092
clpA_57 -1775.472
clpA_56 -1759.216
clpA_144 -1780.125
clpA_145 -1667.067
clpA_146 -1689.769
clpA_147 -1651.883
clpA_140 -1502.799
clpA_141 -1502.818
clpA_142 -1512.487
clpA_143 -1472.741
clpA_148 -1646.011
clpA_149 -1585.484
clpA_48 -1610.707
clpA_87 -1627.823
clpA_156 -1514.067
clpA_40 -1484.845
clpA_41 -1640.207
clpA_42 -1428.582
clpA_43 -1391.042
clpA_44 -1478.994
clpA_45 -1418.481
clpA_46 -1358.908
clpA_47 -1378.861
clpA_150 -1535.399
clpA_157 -1551.284
clpA_74 -1957.349
clpA_155 -1467.914
clpA_154 -1706.305
clpA_153 -1733.422
clpA_70 -1712.782
clpA_73 -1708.217
clpA_72 -1667.067
clpA_159 -1580.269
clpA_158 -1514.34
clpA_168 -1750.779
clpA_169 -1938.262
clpA_160 -1579.74
clpA_161 -1571.803
clpA_166 -1684.778
clpA_167 -1463.923
clpA_164 -1954.569
clpA_165 -1472.151
clpA_62 -1682.887
clpA_60 -1695.462
clpA_66 -1378.187
clpA_67 -1377.821
clpA_64 -1459.699
clpA_65 -1509.72
clpA_69 -1606.233
sum of log-values for false variants: -218757.938604
sum of log-values for true variants: -9005.7039667
