Total number of variants: 143
Total number of reads: 386
variant: Number of reads that don't map
clpA_178 384
clpA_175 378
clpA_174 366
clpA_177 300
clpA_176 380
clpA_171 234
clpA_173 346
clpA_99 230
clpA_101 384
clpA_96 382
clpA_95 232
clpA_93 298
clpA_92 322
clpA_91 304
clpA_90 298
clpA_17 270
clpA_16 268
clpA_15 266
clpA_87 286
clpA_13 270
clpA_12 274
clpA_11 264
clpA_10 264
clpA_19 268
clpA_18 264
clpA_182 268
clpA_185 242
clpA_186 296
clpA_187 234
clpA_189 384
clpA_108 234
clpA_88 248
clpA_85 300
clpA_86 258
clpA_103 230
clpA_104 264
clpA_105 270
clpA_106 264
clpA_107 274
clpA_210 238
clpA_192 228
clpA_191 230
clpA_197 326
clpA_196 238
clpA_195 234
clpA_194 220
clpA_119 302
clpA_118 304
clpA_112 234
clpA_117 302
clpA_116 272
clpA_31 384
clpA_33 384
clpA_34 384
clpA_7 274
clpA_6 266
clpA_5 262
clpA_4 264
clpA_3 264
clpA_2 274
clpA_1 266
clpA_9 270
clpA_8 264
clpA_207 324
clpA_209 264
clpA_208 280
clpA_14 266
clpA_128 264
clpA_129 254
clpA_126 374
clpA_127 372
clpA_124 372
clpA_125 374
clpA_122 302
clpA_123 304
clpA_120 302
clpA_121 302
clpA_24 264
clpA_25 262
clpA_22 266
clpA_23 264
clpA_20 262
clpA_21 262
clpA_193 250
clpA_211 232
clpA_130 246
clpA_133 384
clpA_132 272
clpA_137 264
clpA_136 384
clpA_139 230
clpA_138 228
clpA_59 278
clpA_58 238
clpA_217 268
clpA_57 326
clpA_56 320
clpA_144 332
clpA_145 292
clpA_146 306
clpA_147 290
clpA_140 262
clpA_141 240
clpA_142 256
clpA_143 244
clpA_148 282
clpA_149 288
clpA_48 286
clpA_74 384
clpA_40 256
clpA_41 288
clpA_42 234
clpA_43 228
clpA_44 242
clpA_45 234
clpA_46 222
clpA_47 226
clpA_72 292
clpA_157 274
clpA_156 272
clpA_155 264
clpA_154 304
clpA_153 312
clpA_70 308
clpA_73 308
clpA_150 254
clpA_159 286
clpA_158 268
clpA_168 318
clpA_169 376
clpA_160 286
clpA_161 270
clpA_166 298
clpA_167 246
clpA_164 384
clpA_165 252
clpA_62 300
clpA_60 300
clpA_66 230
clpA_67 224
clpA_64 242
clpA_65 260
clpA_69 280
The precomputed log-values for mismatch = 0, 1, 2, 3, 4 are: [-0.7638255248661102, -5.358945375000699, -9.95406522513529, -14.549185075269879, -19.14430492540447]
variant: Log sum of mismatches
clpA_178 -7371.321
clpA_175 -7325.37
clpA_174 -7247.253
clpA_177 -6452.297
clpA_176 -7348.346
clpA_171 -4981.859
clpA_173 -7035.877
clpA_99 -5441.371
clpA_101 -7380.511
clpA_96 -7362.131
clpA_95 -5280.542
clpA_93 -6093.878
clpA_92 -6548.795
clpA_91 -6084.688
clpA_90 -6493.653
clpA_17 -6130.639
clpA_16 -5786.005
clpA_15 -5680.317
clpA_14 -5684.912
clpA_13 -6158.21
clpA_12 -6006.571
clpA_11 -5519.488
clpA_10 -5478.132
clpA_19 -5799.79
clpA_18 -5629.771
clpA_182 -5758.434
clpA_185 -5625.176
clpA_186 -6332.824
clpA_187 -5597.605
clpA_189 -7380.511
clpA_108 -5432.181
clpA_88 -5735.459
clpA_85 -6461.487
clpA_86 -5900.883
clpA_103 -5482.727
clpA_104 -5533.273
clpA_105 -5671.127
clpA_106 -5620.581
clpA_107 -5831.956
clpA_210 -5349.468
clpA_192 -5271.351
clpA_191 -5138.093
clpA_197 -6815.312
clpA_196 -5248.376
clpA_195 -5252.971
clpA_194 -5211.615
clpA_119 -5923.858
clpA_118 -6149.019
clpA_112 -5501.107
clpA_117 -5919.263
clpA_116 -6011.166
clpA_31 -7380.511
clpA_33 -7380.511
clpA_34 -7380.511
clpA_7 -5808.98
clpA_6 -5671.127
clpA_5 -5404.61
clpA_4 -5689.507
clpA_3 -5593.01
clpA_2 -6020.356
clpA_1 -5698.698
clpA_9 -5671.127
clpA_8 -5570.034
clpA_207 -6714.219
clpA_209 -5873.312
clpA_208 -6277.683
clpA_128 -5648.151
clpA_129 -5900.883
clpA_126 -7279.419
clpA_127 -7270.229
clpA_124 -7270.229
clpA_125 -7279.419
clpA_122 -6098.473
clpA_123 -6199.566
clpA_120 -5979.0
clpA_121 -6093.878
clpA_24 -5528.678
clpA_25 -5445.966
clpA_22 -5593.01
clpA_23 -5606.795
clpA_20 -5418.395
clpA_21 -5579.224
clpA_193 -5900.883
clpA_211 -5266.756
clpA_130 -5730.863
clpA_133 -7380.511
clpA_132 -6263.897
clpA_137 -5597.605
clpA_136 -7380.511
clpA_139 -5229.995
clpA_138 -5202.425
clpA_59 -6167.4
clpA_58 -5634.366
clpA_217 -5776.815
clpA_57 -6783.146
clpA_56 -6732.6
clpA_144 -6769.361
clpA_145 -6420.131
clpA_146 -6479.868
clpA_147 -6364.99
clpA_140 -5795.195
clpA_141 -5799.79
clpA_142 -5808.98
clpA_143 -5643.556
clpA_148 -6355.8
clpA_149 -5988.19
clpA_48 -6162.805
clpA_87 -6305.253
clpA_156 -5721.673
clpA_40 -5703.293
clpA_41 -6314.444
clpA_42 -5583.82
clpA_43 -5381.634
clpA_44 -5730.863
clpA_45 -5491.917
clpA_46 -5207.02
clpA_47 -5317.303
clpA_150 -5974.405
clpA_157 -5910.073
clpA_74 -7380.511
clpA_155 -5514.893
clpA_154 -6567.175
clpA_153 -6663.673
clpA_70 -6585.556
clpA_73 -6567.175
clpA_72 -6420.131
clpA_159 -5974.405
clpA_158 -5744.649
clpA_168 -6714.219
clpA_169 -7325.37
clpA_160 -5965.215
clpA_161 -6149.019
clpA_166 -6498.248
clpA_167 -5643.556
clpA_164 -7371.321
clpA_165 -5611.39
clpA_62 -6484.463
clpA_60 -6507.439
clpA_66 -5321.898
clpA_67 -5285.137
clpA_64 -5629.771
clpA_65 -5818.171
clpA_69 -6171.995
sum of log-values for false variants: -834245.526715
sum of log-values for true variants: -33751.0540725
